<?xml version="1.0" encoding="UTF-8"?>
<testsuite name="com.example.scrapper.ScrapperApplicationTests" tests="1" skipped="0" failures="0" errors="0" timestamp="2023-12-17T17:48:40" hostname="192.168.1.12" time="0.338">
  <properties/>
  <testcase name="contextLoads()" classname="com.example.scrapper.ScrapperApplicationTests" time="0.338"/>
  <system-out><![CDATA[23:18:35.796 [Test worker] INFO org.springframework.test.context.support.AnnotationConfigContextLoaderUtils -- Could not detect default configuration classes for test class [com.example.scrapper.ScrapperApplicationTests]: ScrapperApplicationTests does not declare any static, non-private, non-final, nested classes annotated with @Configuration.
23:18:35.835 [Test worker] INFO org.springframework.boot.test.context.SpringBootTestContextBootstrapper -- Found @SpringBootConfiguration com.example.scrapper.ScrapperApplication for test class com.example.scrapper.ScrapperApplicationTests

  .   ____          _            __ _ _
 /\\ / ___'_ __ _ _(_)_ __  __ _ \ \ \ \
( ( )\___ | '_ | '_| | '_ \/ _` | \ \ \ \
 \\/  ___)| |_)| | | | | || (_| |  ) ) ) )
  '  |____| .__|_| |_|_| |_\__, | / / / /
 =========|_|==============|___/=/_/_/_/
 :: Spring Boot ::                (v3.2.0)

2023-12-17T23:18:35.992+05:30  INFO 7307 --- [    Test worker] c.e.scrapper.ScrapperApplicationTests    : Starting ScrapperApplicationTests using Java 20.0.2.1 with PID 7307 (started by bilalbasham in /Users/bilalbasham/Coding/scrapper)
2023-12-17T23:18:35.992+05:30  INFO 7307 --- [    Test worker] c.e.scrapper.ScrapperApplicationTests    : The following 1 profile is active: "production"
2023-12-17T23:18:36.302+05:30  INFO 7307 --- [    Test worker] .s.d.r.c.RepositoryConfigurationDelegate : Bootstrapping Spring Data JPA repositories in DEFAULT mode.
2023-12-17T23:18:36.326+05:30  INFO 7307 --- [    Test worker] .s.d.r.c.RepositoryConfigurationDelegate : Finished Spring Data repository scanning in 20 ms. Found 3 JPA repository interfaces.
2023-12-17T23:18:36.490+05:30  INFO 7307 --- [    Test worker] com.zaxxer.hikari.HikariDataSource       : HikariPool-1 - Starting...
2023-12-17T23:18:37.617+05:30  INFO 7307 --- [    Test worker] com.zaxxer.hikari.pool.HikariPool        : HikariPool-1 - Added connection org.postgresql.jdbc.PgConnection@69a40b3c
2023-12-17T23:18:37.620+05:30  INFO 7307 --- [    Test worker] com.zaxxer.hikari.HikariDataSource       : HikariPool-1 - Start completed.
2023-12-17T23:18:37.693+05:30  INFO 7307 --- [    Test worker] o.hibernate.jpa.internal.util.LogHelper  : HHH000204: Processing PersistenceUnitInfo [name: default]
2023-12-17T23:18:37.743+05:30  INFO 7307 --- [    Test worker] org.hibernate.Version                    : HHH000412: Hibernate ORM core version 6.3.1.Final
2023-12-17T23:18:37.756+05:30  INFO 7307 --- [    Test worker] o.h.c.internal.RegionFactoryInitiator    : HHH000026: Second-level cache disabled
2023-12-17T23:18:37.845+05:30  INFO 7307 --- [    Test worker] o.s.o.j.p.SpringPersistenceUnitInfo      : No LoadTimeWeaver setup: ignoring JPA class transformer
2023-12-17T23:18:37.975+05:30  WARN 7307 --- [    Test worker] org.hibernate.orm.deprecation            : HHH90000025: PostgreSQLDialect does not need to be specified explicitly using 'hibernate.dialect' (remove the property setting and it will be selected by default)
2023-12-17T23:18:38.458+05:30  INFO 7307 --- [    Test worker] o.h.m.i.EntityInstantiatorPojoStandard   : HHH000182: No default (no-argument) constructor for class: com.example.scrapper.entity.ArticleImagesEntity (class must be instantiated by Interceptor)
2023-12-17T23:18:38.524+05:30  INFO 7307 --- [    Test worker] o.h.e.t.j.p.i.JtaPlatformInitiator       : HHH000489: No JTA platform available (set 'hibernate.transaction.jta.platform' to enable JTA platform integration)
2023-12-17T23:18:39.776+05:30  INFO 7307 --- [    Test worker] j.LocalContainerEntityManagerFactoryBean : Initialized JPA EntityManagerFactory for persistence unit 'default'
2023-12-17T23:18:40.215+05:30  WARN 7307 --- [    Test worker] JpaBaseConfiguration$JpaWebConfiguration : spring.jpa.open-in-view is enabled by default. Therefore, database queries may be performed during view rendering. Explicitly configure spring.jpa.open-in-view to disable this warning
2023-12-17T23:18:40.405+05:30  INFO 7307 --- [    Test worker] c.e.scrapper.ScrapperApplicationTests    : Started ScrapperApplicationTests in 4.519 seconds (process running for 5.011)
Hiiiiiiii------------
]]></system-out>
  <system-err><![CDATA[]]></system-err>
</testsuite>
